Performing C SOURCE FILE Test CMAKE_HAVE_LIBC_PTHREAD failed with the following output:
Change Dir: /home/hugo/Delivery/OOP_indie_studio_2019/build/CMakeFiles/CMakeTmp

Run Build Command(s):/usr/bin/gmake cmTC_77097/fast && /usr/bin/gmake  -f CMakeFiles/cmTC_77097.dir/build.make CMakeFiles/cmTC_77097.dir/build
gmake[1] : on entre dans le répertoire « /home/hugo/Delivery/OOP_indie_studio_2019/build/CMakeFiles/CMakeTmp »
Building C object CMakeFiles/cmTC_77097.dir/src.c.o
/usr/bin/cc   -DCMAKE_HAVE_LIBC_PTHREAD   -o CMakeFiles/cmTC_77097.dir/src.c.o   -c /home/hugo/Delivery/OOP_indie_studio_2019/build/CMakeFiles/CMakeTmp/src.c
Linking C executable cmTC_77097
/usr/local/bin/cmake -E cmake_link_script CMakeFiles/cmTC_77097.dir/link.txt --verbose=1
/usr/bin/cc  -DCMAKE_HAVE_LIBC_PTHREAD    CMakeFiles/cmTC_77097.dir/src.c.o  -o cmTC_77097 
/usr/lib64/gcc/x86_64-suse-linux/7/../../../../x86_64-suse-linux/bin/ld : CMakeFiles/cmTC_77097.dir/src.c.o : dans la fonction « main » :
src.c:(.text+0x2d) : référence indéfinie vers « pthread_create »
/usr/lib64/gcc/x86_64-suse-linux/7/../../../../x86_64-suse-linux/bin/ld : src.c:(.text+0x39) : référence indéfinie vers « pthread_detach »
/usr/lib64/gcc/x86_64-suse-linux/7/../../../../x86_64-suse-linux/bin/ld : src.c:(.text+0x45) : référence indéfinie vers « pthread_cancel »
/usr/lib64/gcc/x86_64-suse-linux/7/../../../../x86_64-suse-linux/bin/ld : src.c:(.text+0x56) : référence indéfinie vers « pthread_join »
/usr/lib64/gcc/x86_64-suse-linux/7/../../../../x86_64-suse-linux/bin/ld : src.c:(.text+0x6a) : référence indéfinie vers « pthread_atfork »
collect2: error: ld returned 1 exit status
gmake[1]: *** [CMakeFiles/cmTC_77097.dir/build.make:107: cmTC_77097] Error 1
gmake[1] : on quitte le répertoire « /home/hugo/Delivery/OOP_indie_studio_2019/build/CMakeFiles/CMakeTmp »
gmake: *** [Makefile:141: cmTC_77097/fast] Error 2


Source file was:
#include <pthread.h>

void* test_func(void* data)
{
  return data;
}

int main(void)
{
  pthread_t thread;
  pthread_create(&thread, NULL, test_func, NULL);
  pthread_detach(thread);
  pthread_cancel(thread);
  pthread_join(thread, NULL);
  pthread_atfork(NULL, NULL, NULL);
  pthread_exit(NULL);

  return 0;
}

Determining if the function pthread_create exists in the pthreads failed with the following output:
Change Dir: /home/hugo/Delivery/OOP_indie_studio_2019/build/CMakeFiles/CMakeTmp

Run Build Command(s):/usr/bin/gmake cmTC_be2e7/fast && /usr/bin/gmake  -f CMakeFiles/cmTC_be2e7.dir/build.make CMakeFiles/cmTC_be2e7.dir/build
gmake[1] : on entre dans le répertoire « /home/hugo/Delivery/OOP_indie_studio_2019/build/CMakeFiles/CMakeTmp »
Building C object CMakeFiles/cmTC_be2e7.dir/CheckFunctionExists.c.o
/usr/bin/cc   -DCHECK_FUNCTION_EXISTS=pthread_create   -o CMakeFiles/cmTC_be2e7.dir/CheckFunctionExists.c.o   -c /usr/local/share/cmake-3.17/Modules/CheckFunctionExists.c
Linking C executable cmTC_be2e7
/usr/local/bin/cmake -E cmake_link_script CMakeFiles/cmTC_be2e7.dir/link.txt --verbose=1
/usr/bin/cc  -DCHECK_FUNCTION_EXISTS=pthread_create    CMakeFiles/cmTC_be2e7.dir/CheckFunctionExists.c.o  -o cmTC_be2e7  -lpthreads 
/usr/lib64/gcc/x86_64-suse-linux/7/../../../../x86_64-suse-linux/bin/ld : ne peut trouver -lpthreads
collect2: error: ld returned 1 exit status
gmake[1]: *** [CMakeFiles/cmTC_be2e7.dir/build.make:107: cmTC_be2e7] Error 1
gmake[1] : on quitte le répertoire « /home/hugo/Delivery/OOP_indie_studio_2019/build/CMakeFiles/CMakeTmp »
gmake: *** [Makefile:141: cmTC_be2e7/fast] Error 2



